Replace 0, 'g'
Replace 1, 'a'
Replace 2, 'c'
Replace 7, 'a'
Insert 11, 'c'
Replace 11, 'c'
Replace 12, 'c'
Replace 16, 't'
Delete 20
Replace 21, 't'
Replace 26, 'a'
Replace 27, 'g'
Insert 29, 't'
Replace 29, 't'
Replace 30, 'a'
Delete 33
Replace 34, 'g'
Delete 38
Delete 39
Delete 40
Replace 41, 'g'
Replace 44, 't'
Replace 45, 'c'
Replace 50, 'g'
Insert 55, 'g'
Replace 55, 'g'
Replace 56, 't'
Insert 58, 'a'
Replace 58, 'a'
Replace 59, 'g'
Replace 60, 'a'
Replace 61, 'c'
Insert 68, 't'
Replace 68, 't'
Insert 78, 'a'
Replace 78, 'a'
Delete 81
Replace 82, 't'
Delete 90
Replace 91, 't'
Replace 92, 'c'
Delete 95
Replace 96, 't'
Delete 97
Delete 98
Replace 99, 't'
Insert 102, 'c'
Replace 102, 'c'
Insert 108, 't'
Replace 108, 't'
Replace 111, 'g'
Replace 112, 'a'
Replace 113, 'a'
Replace 114, 'c'
Replace 115, 'c'
Replace 116, 't'
Replace 117, 'c'
Insert 128, 'g'
Replace 128, 'g'
Replace 130, 't'
Insert 132, 'a'
Replace 132, 'a'
Insert 133, 'a'
Replace 133, 'a'
Insert 149, 'g'
Replace 149, 'g'
Replace 156, 'g'
Replace 157, 'a'
Replace 158, 'c'
Insert 159, 'a'
Replace 159, 'a'
Insert 160, 't'
Replace 160, 't'
Replace 164, 'a'
Insert 167, 't'
Replace 167, 't'
Delete 174
Replace 175, 'g'
Insert 188, 'c'
Replace 188, 'c'
Replace 189, 't'
Replace 192, 'a'
Delete 196
Replace 197, 'c'
Insert 206, 'c'
Replace 206, 'c'
Insert 207, 'a'
Replace 207, 'a'
Insert 208, 'g'
Replace 208, 'g'
Replace 210, 'c'
Replace 211, 't'
Insert 213, 'a'
Replace 213, 'a'
Replace 214, 'c'
Insert 215, 'g'
Replace 215, 'g'
Replace 217, 'a'
Replace 219, 'g'
Replace 220, 't'
Replace 221, 'g'
Insert 223, 't'
Replace 223, 't'
Replace 224, 'a'
Delete 239
Replace 240, 'a'
Delete 243
Replace 244, 'c'
Delete 247
Replace 248, 'c'
Delete 249
Replace 250, 'a'
Delete 262
Delete 263
Delete 264
Replace 265, 'g'
Delete 266
Replace 267, 't'
Replace 271, 'a'
Replace 272, 'c'
Replace 273, 'g'
Replace 274, 'a'
Replace 275, 't'
Delete 277
Replace 278, 'c'
Delete 279
Replace 280, 'c'
Delete 281
Replace 282, 'a'
Delete 287
Delete 288
Delete 289
Delete 290
Replace 291, 't'
Replace 293, 'c'
Replace 294, 'a'
Replace 295, 'a'
Replace 296, 'g'
Replace 298, 'a'
Delete 300
Replace 301, 'g'
Replace 302, 'a'
Replace 306, 'a'
Replace 307, 't'
Delete 316
Delete 317
Replace 318, 'a'
Replace 319, 'a'
Replace 320, 't'
Replace 321, 'a'
Replace 322, 't'
Replace 323, 't'
Delete 326
Replace 327, 'c'
Replace 328, 'a'
Replace 329, 'g'
Replace 330, 'g'
Insert 332, 'g'
Replace 332, 'g'
Insert 335, 't'
Replace 335, 't'
Replace 336, 'a'
